<?xml version="1.0" encoding="UTF-8"?>
<!-- Generated by org.testng.reporters.JUnitReportReporter -->
<testsuite skipped="0" hostname="Maverick" name="TestNG.addressbook" tests="1" failures="0" timestamp="10 Sep 2018 16:51:59 GMT" time="9.160" errors="0">
  <testcase name="verifyaddbook" time="9.160" classname="TestNG.addressbook"/>
</testsuite> <!-- TestNG.addressbook -->
